<?xml version="1.0" encoding="UTF-8"?>
<TestRun id="38d942e7-8bec-4639-8840-8fd85df0f9bc" name="ptucker@MACS-PTUCKER-V 2009-07-01 15:47:10" runUser="ADMIN\ptucker" xmlns="http://microsoft.com/schemas/VisualStudio/TeamTest/2010">
  <TestSettings name="Local" id="0e641d25-d9ae-4874-8ea8-6e3f51b950e2">
    <Description>These are default test settings for a local test run.</Description>
    <Deployment runDeploymentRoot="ptucker_MACS-PTUCKER-V 2009-07-01 15_47_10">
      <DeploymentItem filename="C:\Users\ptucker.ADMIN\Documents\WhitStream\bin\Debug\WhitStream.dll" />
    </Deployment>
    <Execution>
      <TestTypeSpecific />
      <AgentRule name="Execution Agents">
      </AgentRule>
    </Execution>
  </TestSettings>
  <Times creation="2009-07-01T15:47:10.3675777-07:00" queuing="2009-07-01T15:47:11.5875777-07:00" start="2009-07-01T15:47:11.8045777-07:00" finish="2009-07-01T15:52:51.8475777-07:00" />
  <ResultSummary outcome="Completed">
    <Counters total="1" executed="1" passed="1" error="0" failed="0" timeout="0" aborted="0" inconclusive="0" passedButRunAborted="0" notRunnable="0" notExecuted="0" disconnected="0" warning="0" completed="0" inProgress="0" pending="0" />
  </ResultSummary>
  <TestDefinitions>
    <UnitTest name="ExecuteQuery" storage="c:\users\ptucker.admin\documents\whitstream\whitstreamunittest\bin\debug\whitstreamunittest.dll" id="51a29521-a14e-6b29-a86d-ba747b374e65">
      <Execution id="3884b2cf-f287-43de-ba71-c9f9228dec36" />
      <TestMethod codeBase="C:/Users/ptucker.ADMIN/Documents/WhitStream/WhitStreamUnitTest/bin/Debug/WhitStreamUnitTest.DLL" adapterTypeName="Microsoft.VisualStudio.TestTools.TestTypes.Unit.UnitTestAdapter, Microsoft.VisualStudio.QualityTools.Tips.UnitTest.Adapter, Version=10.0.0.0, Culture=neutral, PublicKeyToken=b03f5f7f11d50a3a" className="WhitStreamUnitTest.Queries, WhitStreamUnitTest, Version=1.0.0.0, Culture=neutral, PublicKeyToken=null" name="ExecuteQuery" />
    </UnitTest>
  </TestDefinitions>
  <TestLists>
    <TestList name="Results Not in a List" id="8c84fa94-04c1-424b-9868-57a2d4851a1d" />
    <TestList name="All Loaded Results" id="19431567-8539-422a-85d7-44ee4e166bda" />
  </TestLists>
  <TestEntries>
    <TestEntry testId="51a29521-a14e-6b29-a86d-ba747b374e65" executionId="3884b2cf-f287-43de-ba71-c9f9228dec36" testListId="8c84fa94-04c1-424b-9868-57a2d4851a1d" />
  </TestEntries>
  <Results>
    <UnitTestResult executionId="3884b2cf-f287-43de-ba71-c9f9228dec36" testId="51a29521-a14e-6b29-a86d-ba747b374e65" testName="ExecuteQuery" computerName="MACS-PTUCKER-V" duration="00:05:24.9162116" startTime="2009-07-01T15:47:12.2345777-07:00" endTime="2009-07-01T15:52:40.8775777-07:00" testType="13cdc9d9-ddb5-4fa4-a97d-d965ccfc6d4b" outcome="Passed" testListId="8c84fa94-04c1-424b-9868-57a2d4851a1d" relativeResultsDirectory="3884b2cf-f287-43de-ba71-c9f9228dec36">
      <Output>
        <StdOut>Round Robin (op/thread)0 Total Rows: 21528, Time: 00:05:24.2680000
Average Time: 324.268</StdOut>
        <DebugTrace>Still using a global thread pool rather than a local pool
Still using a global thread pool rather than a local pool
Still using a global thread pool rather than a local pool
Still using a global thread pool rather than a local pool
Still using a global thread pool rather than a local pool
Still using a global thread pool rather than a local pool
Still using a global thread pool rather than a local pool
Still using a global thread pool rather than a local pool
Still using a global thread pool rather than a local pool
Still using a global thread pool rather than a local pool
Still using a global thread pool rather than a local pool
Still using a global thread pool rather than a local pool
Still using a global thread pool rather than a local pool
Still using a global thread pool rather than a local pool
Still using a global thread pool rather than a local pool
Still using a global thread pool rather than a local pool
Still using a global thread pool rather than a local pool
Still using a global thread pool rather than a local pool
Still using a global thread pool rather than a local pool
Still using a global thread pool rather than a local pool
Still using a global thread pool rather than a local pool
Still using a global thread pool rather than a local pool
Still using a global thread pool rather than a local pool
Still using a global thread pool rather than a local pool
Still using a global thread pool rather than a local pool
Still using a global thread pool rather than a local pool
Still using a global thread pool rather than a local pool
Still using a global thread pool rather than a local pool
Still using a global thread pool rather than a local pool
Still using a global thread pool rather than a local pool
Still using a global thread pool rather than a local pool
Still using a global thread pool rather than a local pool
Still using a global thread pool rather than a local pool
Still using a global thread pool rather than a local pool
Still using a global thread pool rather than a local pool
Still using a global thread pool rather than a local pool
Still using a global thread pool rather than a local pool
Still using a global thread pool rather than a local pool
Still using a global thread pool rather than a local pool
Still using a global thread pool rather than a local pool
Still using a global thread pool rather than a local pool
Still using a global thread pool rather than a local pool
Still using a global thread pool rather than a local pool
Still using a global thread pool rather than a local pool
Still using a global thread pool rather than a local pool
Still using a global thread pool rather than a local pool
Still using a global thread pool rather than a local pool
Still using a global thread pool rather than a local pool
Still using a global thread pool rather than a local pool
Still using a global thread pool rather than a local pool
Still using a global thread pool rather than a local pool
Still using a global thread pool rather than a local pool
Still using a global thread pool rather than a local pool
Still using a global thread pool rather than a local pool
Still using a global thread pool rather than a local pool
Still using a global thread pool rather than a local pool
Still using a global thread pool rather than a local pool
Still using a global thread pool rather than a local pool
Still using a global thread pool rather than a local pool
Still using a global thread pool rather than a local pool
Still using a global thread pool rather than a local pool
Still using a global thread pool rather than a local pool
Still using a global thread pool rather than a local pool
Still using a global thread pool rather than a local pool
Still using a global thread pool rather than a local pool
Still using a global thread pool rather than a local pool
Still using a global thread pool rather than a local pool
Still using a global thread pool rather than a local pool
Still using a global thread pool rather than a local pool
Still using a global thread pool rather than a local pool
Still using a global thread pool rather than a local pool
Still using a global thread pool rather than a local pool
Still using a global thread pool rather than a local pool
Still using a global thread pool rather than a local pool
Still using a global thread pool rather than a local pool
Still using a global thread pool rather than a local pool
Still using a global thread pool rather than a local pool
Still using a global thread pool rather than a local pool
Still using a global thread pool rather than a local pool
Still using a global thread pool rather than a local pool
Still using a global thread pool rather than a local pool
Still using a global thread pool rather than a local pool
Still using a global thread pool rather than a local pool
Still using a global thread pool rather than a local pool
Still using a global thread pool rather than a local pool
Still using a global thread pool rather than a local pool
Still using a global thread pool rather than a local pool
Still using a global thread pool rather than a local pool
Still using a global thread pool rather than a local pool
Still using a global thread pool rather than a local pool
Still using a global thread pool rather than a local pool
Still using a global thread pool rather than a local pool
Still using a global thread pool rather than a local pool
Still using a global thread pool rather than a local pool
Still using a global thread pool rather than a local pool
Still using a global thread pool rather than a local pool
Still using a global thread pool rather than a local pool
Still using a global thread pool rather than a local pool
Still using a global thread pool rather than a local pool
Still using a global thread pool rather than a local pool
Still using a global thread pool rather than a local pool
Still using a global thread pool rather than a local pool
Still using a global thread pool rather than a local pool
Still using a global thread pool rather than a local pool
Still using a global thread pool rather than a local pool
Still using a global thread pool rather than a local pool
Still using a global thread pool rather than a local pool
Still using a global thread pool rather than a local pool
Still using a global thread pool rather than a local pool
Still using a global thread pool rather than a local pool
Still using a global thread pool rather than a local pool
Still using a global thread pool rather than a local pool
Still using a global thread pool rather than a local pool
Still using a global thread pool rather than a local pool
Still using a global thread pool rather than a local pool
Still using a global thread pool rather than a local pool
Still using a global thread pool rather than a local pool
Still using a global thread pool rather than a local pool
Still using a global thread pool rather than a local pool
Still using a global thread pool rather than a local pool
Still using a global thread pool rather than a local pool
Still using a global thread pool rather than a local pool
Still using a global thread pool rather than a local pool
Still using a global thread pool rather than a local pool
Still using a global thread pool rather than a local pool
Still using a global thread pool rather than a local pool
Still using a global thread pool rather than a local pool
Still using a global thread pool rather than a local pool
Still using a global thread pool rather than a local pool
Still using a global thread pool rather than a local pool
Still using a global thread pool rather than a local pool
Still using a global thread pool rather than a local pool
Still using a global thread pool rather than a local pool
Still using a global thread pool rather than a local pool
Still using a global thread pool rather than a local pool
Still using a global thread pool rather than a local pool
Still using a global thread pool rather than a local pool
Still using a global thread pool rather than a local pool
Still using a global thread pool rather than a local pool
Still using a global thread pool rather than a local pool
Still using a global thread pool rather than a local pool
Still using a global thread pool rather than a local pool
Still using a global thread pool rather than a local pool
Still using a global thread pool rather than a local pool
Still using a global thread pool rather than a local pool
Still using a global thread pool rather than a local pool
Still using a global thread pool rather than a local pool
Still using a global thread pool rather than a local pool
Still using a global thread pool rather than a local pool
Still using a global thread pool rather than a local pool
Still using a global thread pool rather than a local pool
Still using a global thread pool rather than a local pool
Still using a global thread pool rather than a local pool
Still using a global thread pool rather than a local pool
Still using a global thread pool rather than a local pool
Still using a global thread pool rather than a local pool
Still using a global thread pool rather than a local pool
Still using a global thread pool rather than a local pool
Still using a global thread pool rather than a local pool
Still using a global thread pool rather than a local pool
Still using a global thread pool rather than a local pool
Still using a global thread pool rather than a local pool
Still using a global thread pool rather than a local pool
Still using a global thread pool rather than a local pool
Still using a global thread pool rather than a local pool
Still using a global thread pool rather than a local pool
Still using a global thread pool rather than a local pool
Still using a global thread pool rather than a local pool
Still using a global thread pool rather than a local pool
Still using a global thread pool rather than a local pool
Still using a global thread pool rather than a local pool
Still using a global thread pool rather than a local pool
Still using a global thread pool rather than a local pool
Still using a global thread pool rather than a local pool
Still using a global thread pool rather than a local pool
Still using a global thread pool rather than a local pool
Still using a global thread pool rather than a local pool
Still using a global thread pool rather than a local pool
Still using a global thread pool rather than a local pool
Still using a global thread pool rather than a local pool
Still using a global thread pool rather than a local pool
Still using a global thread pool rather than a local pool
Still using a global thread pool rather than a local pool
Still using a global thread pool rather than a local pool
Still using a global thread pool rather than a local pool
Still using a global thread pool rather than a local pool
Still using a global thread pool rather than a local pool
Still using a global thread pool rather than a local pool
Still using a global thread pool rather than a local pool
Still using a global thread pool rather than a local pool
Still using a global thread pool rather than a local pool
Still using a global thread pool rather than a local pool
Still using a global thread pool rather than a local pool
Still using a global thread pool rather than a local pool
Still using a global thread pool rather than a local pool
Still using a global thread pool rather than a local pool
Still using a global thread pool rather than a local pool
Still using a global thread pool rather than a local pool
Still using a global thread pool rather than a local pool
Still using a global thread pool rather than a local pool
Still using a global thread pool rather than a local pool
Still using a global thread pool rather than a local pool
Still using a global thread pool rather than a local pool
Still using a global thread pool rather than a local pool
Still using a global thread pool rather than a local pool
Still using a global thread pool rather than a local pool
Still using a global thread pool rather than a local pool
Still using a global thread pool rather than a local pool
Still using a global thread pool rather than a local pool
Still using a global thread pool rather than a local pool
Still using a global thread pool rather than a local pool
Still using a global thread pool rather than a local pool
Still using a global thread pool rather than a local pool
Still using a global thread pool rather than a local pool
Still using a global thread pool rather than a local pool
Still using a global thread pool rather than a local pool
Still using a global thread pool rather than a local pool
Still using a global thread pool rather than a local pool
Still using a global thread pool rather than a local pool
Still using a global thread pool rather than a local pool
Still using a global thread pool rather than a local pool
Still using a global thread pool rather than a local pool
Still using a global thread pool rather than a local pool
Still using a global thread pool rather than a local pool
Still using a global thread pool rather than a local pool
Still using a global thread pool rather than a local pool
Still using a global thread pool rather than a local pool
Still using a global thread pool rather than a local pool
Still using a global thread pool rather than a local pool
Still using a global thread pool rather than a local pool
Still using a global thread pool rather than a local pool
Still using a global thread pool rather than a local pool
Still using a global thread pool rather than a local pool
Still using a global thread pool rather than a local pool
Still using a global thread pool rather than a local pool
Still using a global thread pool rather than a local pool
Still using a global thread pool rather than a local pool
Still using a global thread pool rather than a local pool
Still using a global thread pool rather than a local pool
Still using a global thread pool rather than a local pool
Still using a global thread pool rather than a local pool
Still using a global thread pool rather than a local pool
Still using a global thread pool rather than a local pool
Still using a global thread pool rather than a local pool
Still using a global thread pool rather than a local pool
Still using a global thread pool rather than a local pool
Still using a global thread pool rather than a local pool
Still using a global thread pool rather than a local pool
Still using a global thread pool rather than a local pool
Still using a global thread pool rather than a local pool
Still using a global thread pool rather than a local pool
Still using a global thread pool rather than a local pool
Still using a global thread pool rather than a local pool
Still using a global thread pool rather than a local pool
Still using a global thread pool rather than a local pool
Still using a global thread pool rather than a local pool
Still using a global thread pool rather than a local pool
Still using a global thread pool rather than a local pool
Still using a global thread pool rather than a local pool
Still using a global thread pool rather than a local pool
Still using a global thread pool rather than a local pool
Still using a global thread pool rather than a local pool
Still using a global thread pool rather than a local pool
Still using a global thread pool rather than a local pool
Still using a global thread pool rather than a local pool
Still using a global thread pool rather than a local pool
Still using a global thread pool rather than a local pool
Still using a global thread pool rather than a local pool
Still using a global thread pool rather than a local pool
Still using a global thread pool rather than a local pool
Still using a global thread pool rather than a local pool
Still using a global thread pool rather than a local pool
Still using a global thread pool rather than a local pool
Still using a global thread pool rather than a local pool
Still using a global thread pool rather than a local pool
Still using a global thread pool rather than a local pool
Still using a global thread pool rather than a local pool
Still using a global thread pool rather than a local pool
Still using a global thread pool rather than a local pool
Still using a global thread pool rather than a local pool
Still using a global thread pool rather than a local pool
Still using a global thread pool rather than a local pool
Still using a global thread pool rather than a local pool
Still using a global thread pool rather than a local pool
Still using a global thread pool rather than a local pool
Still using a global thread pool rather than a local pool
Still using a global thread pool rather than a local pool
Still using a global thread pool rather than a local pool
Still using a global thread pool rather than a local pool
Still using a global thread pool rather than a local pool
Still using a global thread pool rather than a local pool
Still using a global thread pool rather than a local pool
Still using a global thread pool rather than a local pool
Still using a global thread pool rather than a local pool
Still using a global thread pool rather than a local pool
Still using a global thread pool rather than a local pool
Still using a global thread pool rather than a local pool
Still using a global thread pool rather than a local pool
Still using a global thread pool rather than a local pool
Still using a global thread pool rather than a local pool
Still using a global thread pool rather than a local pool
Still using a global thread pool rather than a local pool
Still using a global thread pool rather than a local pool
Still using a global thread pool rather than a local pool
Still using a global thread pool rather than a local pool
Still using a global thread pool rather than a local pool
Still using a global thread pool rather than a local pool
Still using a global thread pool rather than a local pool
Still using a global thread pool rather than a local pool
Still using a global thread pool rather than a local pool
Still using a global thread pool rather than a local pool
Still using a global thread pool rather than a local pool
Still using a global thread pool rather than a local pool
Still using a global thread pool rather than a local pool
Still using a global thread pool rather than a local pool
Still using a global thread pool rather than a local pool
Still using a global thread pool rather than a local pool
Still using a global thread pool rather than a local pool
Still using a global thread pool rather than a local pool
Still using a global thread pool rather than a local pool
Still using a global thread pool rather than a local pool
Still using a global thread pool rather than a local pool
Still using a global thread pool rather than a local pool
Still using a global thread pool rather than a local pool
Still using a global thread pool rather than a local pool
Still using a global thread pool rather than a local pool
Still using a global thread pool rather than a local pool
Still using a global thread pool rather than a local pool
Still using a global thread pool rather than a local pool
Still using a global thread pool rather than a local pool
Still using a global thread pool rather than a local pool
Still using a global thread pool rather than a local pool
Still using a global thread pool rather than a local pool
Still using a global thread pool rather than a local pool
Still using a global thread pool rather than a local pool
Still using a global thread pool rather than a local pool
Still using a global thread pool rather than a local pool
Still using a global thread pool rather than a local pool
Still using a global thread pool rather than a local pool
Still using a global thread pool rather than a local pool
Still using a global thread pool rather than a local pool
Still using a global thread pool rather than a local pool
Still using a global thread pool rather than a local pool
Still using a global thread pool rather than a local pool
Still using a global thread pool rather than a local pool
Still using a global thread pool rather than a local pool
Still using a global thread pool rather than a local pool
Still using a global thread pool rather than a local pool
Still using a global thread pool rather than a local pool
Still using a global thread pool rather than a local pool
Still using a global thread pool rather than a local pool
Still using a global thread pool rather than a local pool
Still using a global thread pool rather than a local pool
Still using a global thread pool rather than a local pool
Still using a global thread pool rather than a local pool
Still using a global thread pool rather than a local pool
Still using a global thread pool rather than a local pool
Still using a global thread pool rather than a local pool
Still using a global thread pool rather than a local pool
Still using a global thread pool rather than a local pool
Still using a global thread pool rather than a local pool
Still using a global thread pool rather than a local pool
Still using a global thread pool rather than a local pool
Still using a global thread pool rather than a local pool
Still using a global thread pool rather than a local pool
Still using a global thread pool rather than a local pool
Still using a global thread pool rather than a local pool
Still using a global thread pool rather than a local pool
Still using a global thread pool rather than a local pool
Still using a global thread pool rather than a local pool
Still using a global thread pool rather than a local pool
Still using a global thread pool rather than a local pool
Still using a global thread pool rather than a local pool
Still using a global thread pool rather than a local pool
Still using a global thread pool rather than a local pool
Still using a global thread pool rather than a local pool
Still using a global thread pool rather than a local pool
Still using a global thread pool rather than a local pool
Still using a global thread pool rather than a local pool
Still using a global thread pool rather than a local pool
Still using a global thread pool rather than a local pool
Still using a global thread pool rather than a local pool
Still using a global thread pool rather than a local pool
Still using a global thread pool rather than a local pool
Still using a global thread pool rather than a local pool
Still using a global thread pool rather than a local pool
Still using a global thread pool rather than a local pool
Still using a global thread pool rather than a local pool
Still using a global thread pool rather than a local pool
Still using a global thread pool rather than a local pool
Still using a global thread pool rather than a local pool
Still using a global thread pool rather than a local pool
Still using a global thread pool rather than a local pool
Still using a global thread pool rather than a local pool
Still using a global thread pool rather than a local pool
Still using a global thread pool rather than a local pool
Still using a global thread pool rather than a local pool
Still using a global thread pool rather than a local pool
Still using a global thread pool rather than a local pool
Still using a global thread pool rather than a local pool
Still using a global thread pool rather than a local pool
Still using a global thread pool rather than a local pool
Still using a global thread pool rather than a local pool
Still using a global thread pool rather than a local pool
Still using a global thread pool rather than a local pool
Still using a global thread pool rather than a local pool
Still using a global thread pool rather than a local pool
Still using a global thread pool rather than a local pool
Still using a global thread pool rather than a local pool
Still using a global thread pool rather than a local pool
Still using a global thread pool rather than a local pool
Still using a global thread pool rather than a local pool
Still using a global thread pool rather than a local pool
Still using a global thread pool rather than a local pool
Still using a global thread pool rather than a local pool
Still using a global thread pool rather than a local pool
Still using a global thread pool rather than a local pool
Still using a global thread pool rather than a local pool
Still using a global thread pool rather than a local pool
Still using a global thread pool rather than a local pool
Still using a global thread pool rather than a local pool
Still using a global thread pool rather than a local pool
Still using a global thread pool rather than a local pool
Still using a global thread pool rather than a local pool
Still using a global thread pool rather than a local pool
Still using a global thread pool rather than a local pool
Still using a global thread pool rather than a local pool
Still using a global thread pool rather than a local pool
Still using a global thread pool rather than a local pool
Still using a global thread pool rather than a local pool
Still using a global thread pool rather than a local pool
Still using a global thread pool rather than a local pool
Still using a global thread pool rather than a local pool
Still using a global thread pool rather than a local pool
Still using a global thread pool rather than a local pool
Still using a global thread pool rather than a local pool
Still using a global thread pool rather than a local pool
Still using a global thread pool rather than a local pool
Still using a global thread pool rather than a local pool
Still using a global thread pool rather than a local pool
Still using a global thread pool rather than a local pool
Still using a global thread pool rather than a local pool
Still using a global thread pool rather than a local pool
Still using a global thread pool rather than a local pool
Still using a global thread pool rather than a local pool
Still using a global thread pool rather than a local pool
Still using a global thread pool rather than a local pool
Still using a global thread pool rather than a local pool
Still using a global thread pool rather than a local pool
Still using a global thread pool rather than a local pool
Still using a global thread pool rather than a local pool
Still using a global thread pool rather than a local pool
Still using a global thread pool rather than a local pool
Still using a global thread pool rather than a local pool
Still using a global thread pool rather than a local pool
Still using a global thread pool rather than a local pool
Still using a global thread pool rather than a local pool
Still using a global thread pool rather than a local pool
Still using a global thread pool rather than a local pool
Still using a global thread pool rather than a local pool
Still using a global thread pool rather than a local pool
Still using a global thread pool rather than a local pool
Still using a global thread pool rather than a local pool
Still using a global thread pool rather than a local pool
Still using a global thread pool rather than a local pool
Still using a global thread pool rather than a local pool
Still using a global thread pool rather than a local pool
Still using a global thread pool rather than a local pool
Still using a global thread pool rather than a local pool
Still using a global thread pool rather than a local pool
Still using a global thread pool rather than a local pool
Still using a global thread pool rather than a local pool
Still using a global thread pool rather than a local pool
Still using a global thread pool rather than a local pool
Still using a global thread pool rather than a local pool
Still using a global thread pool rather than a local pool
Still using a global thread pool rather than a local pool
Still using a global thread pool rather than a local pool
Still using a global thread pool rather than a local pool
Still using a global thread pool rather than a local pool
Still using a global thread pool rather than a local pool
Still using a global thread pool rather than a local pool
Still using a global thread pool rather than a local pool
Still using a global thread pool rather than a local pool
Still using a global thread pool rather than a local pool
Still using a global thread pool rather than a local pool
Still using a global thread pool rather than a local pool
Still using a global thread pool rather than a local pool
Still using a global thread pool rather than a local pool
Still using a global thread pool rather than a local pool
Still using a global thread pool rather than a local pool
Still using a global thread pool rather than a local pool
Still using a global thread pool rather than a local pool
Still using a global thread pool rather than a local pool
Still using a global thread pool rather than a local pool
Still using a global thread pool rather than a local pool
Still using a global thread pool rather than a local pool
Still using a global thread pool rather than a local pool
Still using a global thread pool rather than a local pool
Still using a global thread pool rather than a local pool
Still using a global thread pool rather than a local pool
Still using a global thread pool rather than a local pool
Still using a global thread pool rather than a local pool
Still using a global thread pool rather than a local pool
Still using a global thread pool rather than a local pool
Still using a global thread pool rather than a local pool
Still using a global thread pool rather than a local pool
Still using a global thread pool rather than a local pool
Still using a global thread pool rather than a local pool
Still using a global thread pool rather than a local pool
Still using a global thread pool rather than a local pool
Still using a global thread pool rather than a local pool
Still using a global thread pool rather than a local pool
Still using a global thread pool rather than a local pool
Still using a global thread pool rather than a local pool
Still using a global thread pool rather than a local pool
Still using a global thread pool rather than a local pool
Still using a global thread pool rather than a local pool
Still using a global thread pool rather than a local pool
Still using a global thread pool rather than a local pool
Still using a global thread pool rather than a local pool
Still using a global thread pool rather than a local pool
Still using a global thread pool rather than a local pool
Still using a global thread pool rather than a local pool
Still using a global thread pool rather than a local pool
Still using a global thread pool rather than a local pool
Still using a global thread pool rather than a local pool
Still using a global thread pool rather than a local pool
Still using a global thread pool rather than a local pool
Still using a global thread pool rather than a local pool
Still using a global thread pool rather than a local pool
Still using a global thread pool rather than a local pool
Still using a global thread pool rather than a local pool
Still using a global thread pool rather than a local pool
Still using a global thread pool rather than a local pool
Still using a global thread pool rather than a local pool
Still using a global thread pool rather than a local pool
Still using a global thread pool rather than a local pool
Still using a global thread pool rather than a local pool
Still using a global thread pool rather than a local pool
Still using a global thread pool rather than a local pool
Still using a global thread pool rather than a local pool
Still using a global thread pool rather than a local pool
Still using a global thread pool rather than a local pool
Still using a global thread pool rather than a local pool
Still using a global thread pool rather than a local pool
Still using a global thread pool rather than a local pool
Still using a global thread pool rather than a local pool
Still using a global thread pool rather than a local pool
Still using a global thread pool rather than a local pool
Still using a global thread pool rather than a local pool
Still using a global thread pool rather than a local pool
Still using a global thread pool rather than a local pool
Still using a global thread pool rather than a local pool
Still using a global thread pool rather than a local pool
Still using a global thread pool rather than a local pool
Still using a global thread pool rather than a local pool
Still using a global thread pool rather than a local pool
Still using a global thread pool rather than a local pool
Still using a global thread pool rather than a local pool
Still using a global thread pool rather than a local pool
Still using a global thread pool rather than a local pool
Still using a global thread pool rather than a local pool
Still using a global thread pool rather than a local pool
Still using a global thread pool rather than a local pool
Still using a global thread pool rather than a local pool
Still using a global thread pool rather than a local pool
Still using a global thread pool rather than a local pool
Still using a global thread pool rather than a local pool
Still using a global thread pool rather than a local pool
Still using a global thread pool rather than a local pool
Still using a global thread pool rather than a local pool
Still using a global thread pool rather than a local pool
Still using a global thread pool rather than a local pool
Still using a global thread pool rather than a local pool
Still using a global thread pool rather than a local pool
Still using a global thread pool rather than a local pool
Still using a global thread pool rather than a local pool
Still using a global thread pool rather than a local pool
Still using a global thread pool rather than a local pool
</DebugTrace>
      </Output>
    </UnitTestResult>
  </Results>
</TestRun>