<?xml version="1.0" encoding="UTF-8"?>
<TestRun id="11e742d9-85e9-4a39-a043-9eb090ea4654" name="ptucker@MACS-PTUCKER-V 2009-07-01 15:08:34" runUser="ADMIN\ptucker" xmlns="http://microsoft.com/schemas/VisualStudio/TeamTest/2010">
  <TestSettings name="Local" id="0e641d25-d9ae-4874-8ea8-6e3f51b950e2">
    <Description>These are default test settings for a local test run.</Description>
    <Deployment runDeploymentRoot="ptucker_MACS-PTUCKER-V 2009-07-01 15_08_34">
      <DeploymentItem filename="C:\Users\ptucker.ADMIN\Documents\WhitStream\bin\Release\WhitStream.dll" />
    </Deployment>
    <Execution>
      <TestTypeSpecific />
      <AgentRule name="Execution Agents">
      </AgentRule>
    </Execution>
  </TestSettings>
  <Times creation="2009-07-01T15:08:34.5897495-07:00" queuing="2009-07-01T15:08:35.4178323-07:00" start="2009-07-01T15:08:35.6058511-07:00" finish="2009-07-01T15:14:17.3639996-07:00" />
  <ResultSummary outcome="Completed">
    <Counters total="1" executed="1" passed="1" error="0" failed="0" timeout="0" aborted="0" inconclusive="0" passedButRunAborted="0" notRunnable="0" notExecuted="0" disconnected="0" warning="0" completed="0" inProgress="0" pending="0" />
  </ResultSummary>
  <TestDefinitions>
    <UnitTest name="ExecuteQuery" storage="c:\users\ptucker.admin\documents\whitstream\whitstreamunittest\bin\release\whitstreamunittest.dll" id="51a29521-a14e-6b29-a86d-ba747b374e65">
      <Execution id="78eab369-21c8-4e2e-94a8-01128f70280a" />
      <TestMethod codeBase="C:/Users/ptucker.ADMIN/Documents/WhitStream/WhitStreamUnitTest/bin/Release/WhitStreamUnitTest.DLL" adapterTypeName="Microsoft.VisualStudio.TestTools.TestTypes.Unit.UnitTestAdapter, Microsoft.VisualStudio.QualityTools.Tips.UnitTest.Adapter, Version=10.0.0.0, Culture=neutral, PublicKeyToken=b03f5f7f11d50a3a" className="WhitStreamUnitTest.Queries, WhitStreamUnitTest, Version=1.0.0.0, Culture=neutral, PublicKeyToken=null" name="ExecuteQuery" />
    </UnitTest>
  </TestDefinitions>
  <TestLists>
    <TestList name="Results Not in a List" id="8c84fa94-04c1-424b-9868-57a2d4851a1d" />
    <TestList name="All Loaded Results" id="19431567-8539-422a-85d7-44ee4e166bda" />
  </TestLists>
  <TestEntries>
    <TestEntry testId="51a29521-a14e-6b29-a86d-ba747b374e65" executionId="78eab369-21c8-4e2e-94a8-01128f70280a" testListId="8c84fa94-04c1-424b-9868-57a2d4851a1d" />
  </TestEntries>
  <Results>
    <UnitTestResult executionId="78eab369-21c8-4e2e-94a8-01128f70280a" testId="51a29521-a14e-6b29-a86d-ba747b374e65" testName="ExecuteQuery" computerName="MACS-PTUCKER-V" duration="00:05:26.4626933" startTime="2009-07-01T15:08:36.0278933-07:00" endTime="2009-07-01T15:14:06.6021524-07:00" testType="13cdc9d9-ddb5-4fa4-a97d-d965ccfc6d4b" outcome="Passed" testListId="8c84fa94-04c1-424b-9868-57a2d4851a1d" relativeResultsDirectory="78eab369-21c8-4e2e-94a8-01128f70280a">
      <Output>
        <StdOut>Round Robin (op/thread)0 Total Rows: 27134, Time: 00:05:24.6261221
Average Time: 324.626</StdOut>
      </Output>
    </UnitTestResult>
  </Results>
</TestRun>