<?xml version="1.0" encoding="UTF-8"?>
<TestRun id="35312cb4-da1c-4460-a109-6ca89fe9d34d" name="ptucker@MACS-PTUCKER-V 2009-06-30 12:08:27" runUser="ADMIN\ptucker" xmlns="http://microsoft.com/schemas/VisualStudio/TeamTest/2010">
  <TestSettings name="Local" id="0e641d25-d9ae-4874-8ea8-6e3f51b950e2">
    <Description>These are default test settings for a local test run.</Description>
    <Deployment runDeploymentRoot="ptucker_MACS-PTUCKER-V 2009-06-30 12_08_27">
      <DeploymentItem filename="C:\Users\ptucker.ADMIN\Documents\WhitStream\bin\Debug\WhitStream.dll" />
    </Deployment>
    <Execution>
      <TestTypeSpecific />
      <AgentRule name="Execution Agents">
      </AgentRule>
    </Execution>
  </TestSettings>
  <Times creation="2009-06-30T12:08:27.9410463-07:00" queuing="2009-06-30T12:08:35.5028253-07:00" start="2009-06-30T12:08:35.8930203-07:00" finish="2009-06-30T12:10:31.5588243-07:00" />
  <ResultSummary outcome="Error">
    <Counters total="1" executed="1" error="1" failed="0" timeout="0" aborted="0" inconclusive="0" passedButRunAborted="0" notRunnable="0" notExecuted="0" disconnected="0" warning="0" passed="0" completed="0" inProgress="0" pending="0" />
    <RunInfos>
      <RunInfo computerName="MACS-PTUCKER-V" outcome="Error" timestamp="2009-06-30T12:10:28.6833873-07:00">
        <Text>One of the background threads threw exception: System.ArgumentException: Object must be of type Int32.
   at System.Int32.CompareTo(Object value)
   at WhitStream.Expression.OpGR.Evaluate(DataItem[] dis) in c:\Users\ptucker.ADMIN\Documents\WhitStream\src\Expression\Op.cs:line 226
   at WhitStream.QueryEngine.QueryOperators.OpSelect.Naive.SelStepList(List`1 rgdi, List`1&amp; ldi, Boolean&amp; eofInput) in c:\Users\ptucker.ADMIN\Documents\WhitStream\src\QueryEngine\UnaryOp.cs:line 863
   at WhitStream.QueryEngine.UnaryOp.Iterate(GetDataItem gdi, ReleaseDataItem rdi) in c:\Users\ptucker.ADMIN\Documents\WhitStream\src\QueryEngine\Query.cs:line 747
   at WhitStream.QueryEngine.Scheduler.OpThread.ExecuteOnce(GetDataItem gdi, ReleaseDataItem rdi) in c:\Users\ptucker.ADMIN\Documents\WhitStream\src\QueryEngine\Scheduler.cs:line 235
   at WhitStream.QueryEngine.Scheduler.WSThreadPool.ThreadFunction() in c:\Users\ptucker.ADMIN\Documents\WhitStream\src\QueryEngine\Scheduler.cs:line 455
   at System.Threading.ThreadHelper.ThreadStart_Context(Object state)
   at System.Threading.ExecutionContext.runTryCode(Object userData)
   at System.Runtime.CompilerServices.RuntimeHelpers.ExecuteCodeWithGuaranteedCleanup(TryCode code, CleanupCode backoutCode, Object userData)
   at System.Threading.ExecutionContext.RunInternal(ExecutionContext executionContext, ContextCallback callback, Object state)
   at System.Threading.ExecutionContext.Run(ExecutionContext executionContext, ContextCallback callback, Object state, Boolean ignoreSyncCtx)
   at System.Threading.ExecutionContext.Run(ExecutionContext executionContext, ContextCallback callback, Object state)
   at System.Threading.ThreadHelper.ThreadStart()</Text>
      </RunInfo>
    </RunInfos>
  </ResultSummary>
  <TestDefinitions>
    <UnitTest name="ExecuteQuery" storage="c:\users\ptucker.admin\documents\whitstream\whitstreamunittest\bin\debug\whitstreamunittest.dll" id="51a29521-a14e-6b29-a86d-ba747b374e65">
      <Execution id="d17e5efe-6c06-44cd-b6ee-41689754b388" />
      <TestMethod codeBase="C:/Users/ptucker.ADMIN/Documents/WhitStream/WhitStreamUnitTest/bin/Debug/WhitStreamUnitTest.DLL" adapterTypeName="Microsoft.VisualStudio.TestTools.TestTypes.Unit.UnitTestAdapter, Microsoft.VisualStudio.QualityTools.Tips.UnitTest.Adapter, Version=10.0.0.0, Culture=neutral, PublicKeyToken=b03f5f7f11d50a3a" className="WhitStreamUnitTest.Queries, WhitStreamUnitTest, Version=1.0.0.0, Culture=neutral, PublicKeyToken=null" name="ExecuteQuery" />
    </UnitTest>
  </TestDefinitions>
  <TestLists>
    <TestList name="Results Not in a List" id="8c84fa94-04c1-424b-9868-57a2d4851a1d" />
    <TestList name="All Loaded Results" id="19431567-8539-422a-85d7-44ee4e166bda" />
  </TestLists>
  <TestEntries>
    <TestEntry testId="51a29521-a14e-6b29-a86d-ba747b374e65" executionId="d17e5efe-6c06-44cd-b6ee-41689754b388" testListId="8c84fa94-04c1-424b-9868-57a2d4851a1d" />
  </TestEntries>
  <Results>
    <UnitTestResult executionId="d17e5efe-6c06-44cd-b6ee-41689754b388" testId="51a29521-a14e-6b29-a86d-ba747b374e65" testName="ExecuteQuery" computerName="MACS-PTUCKER-V" startTime="2009-06-30T12:08:36.3592533-07:00" endTime="2009-06-30T12:10:31.4287593-07:00" testType="13cdc9d9-ddb5-4fa4-a97d-d965ccfc6d4b" testListId="8c84fa94-04c1-424b-9868-57a2d4851a1d" relativeResultsDirectory="d17e5efe-6c06-44cd-b6ee-41689754b388">
      <Output>
        <ErrorInfo>
          <Message>The agent process was stopped while the test was running.</Message>
        </ErrorInfo>
      </Output>
    </UnitTestResult>
  </Results>
</TestRun>